<?xml version="1.0" encoding="UTF-8"?>
<testsuite xmlns:xsi="http://www.w3.org/2001/XMLSchema-instance" xsi:noNamespaceSchemaLocation="https://maven.apache.org/surefire/maven-surefire-plugin/xsd/surefire-test-report.xsd" version="3.0.2" name="babbynannyapi.MongoConnectionTest" time="3.011" tests="1" errors="0" skipped="0" failures="0">
  <properties>
[...]
</properties>
  <testcase name="testConnection" classname="babbynannyapi.MongoConnectionTest" time="0.575">
    <system-out><![CDATA[19:06:21.682 [main] INFO org.springframework.test.context.support.AnnotationConfigContextLoaderUtils -- Could not detect default configuration classes for test class [babbynannyapi.MongoConnectionTest]: MongoConnectionTest does not declare any static, non-private, non-final, nested classes annotated with @Configuration.
19:06:21.778 [main] INFO org.springframework.boot.test.context.SpringBootTestContextBootstrapper -- Found @SpringBootConfiguration babbynannyapi.BabyNannyApiApplication for test class babbynannyapi.MongoConnectionTest
19:06:21.907 [main] INFO org.springframework.boot.devtools.restart.RestartApplicationListener -- Restart disabled due to context in which it is running

  .   ____          _            __ _ _
 /\\ / ___'_ __ _ _(_)_ __  __ _ \ \ \ \
( ( )\___ | '_ | '_| | '_ \/ _` | \ \ \ \
 \\/  ___)| |_)| | | | | || (_| |  ) ) ) )
  '  |____| .__|_| |_|_| |_\__, | / / / /
 =========|_|==============|___/=/_/_/_/

 :: Spring Boot ::                (v4.0.2)

2026-02-16T19:06:22.160+01:00  INFO 17816 --- [BabyNannyAPI] [           main] babbynannyapi.MongoConnectionTest        : Starting MongoConnectionTest using Java 22.0.1 with PID 17816 (started by alpen in C:\Users\alpen\Documents\BabyNanny\BabyNannyAPI)
2026-02-16T19:06:22.162+01:00  INFO 17816 --- [BabyNannyAPI] [           main] babbynannyapi.MongoConnectionTest        : No active profile set, falling back to 1 default profile: "default"
2026-02-16T19:06:22.658+01:00  INFO 17816 --- [BabyNannyAPI] [           main] .s.d.r.c.RepositoryConfigurationDelegate : Bootstrapping Spring Data MongoDB repositories in DEFAULT mode.
2026-02-16T19:06:22.706+01:00  INFO 17816 --- [BabyNannyAPI] [           main] .s.d.r.c.RepositoryConfigurationDelegate : Finished Spring Data repository scanning in 40 ms. Found 6 MongoDB repository interfaces.
2026-02-16T19:06:23.207+01:00  INFO 17816 --- [BabyNannyAPI] [           main] org.mongodb.driver.client                : MongoClient with metadata {"driver": {"name": "mongo-java-driver|spring-boot|sync", "version": "5.6.2"}, "os": {"type": "Windows", "name": "Windows 11", "architecture": "amd64", "version": "10.0"}, "platform": "Java/Oracle Corporation/22.0.1+8-16"} created with settings MongoClientSettings{readPreference=primary, writeConcern=WriteConcern{w=null, wTimeout=null ms, journal=null}, retryWrites=true, retryReads=true, readConcern=ReadConcern{level=null}, credential=MongoCredential{mechanism=null, userName='babynannyapp_db_user', source='admin', password=<hidden>, mechanismProperties=<hidden>}, transportSettings=null, commandListeners=[], codecRegistry=ProvidersCodecRegistry{codecProviders=[ValueCodecProvider{}, BsonValueCodecProvider{}, DBRefCodecProvider{}, DBObjectCodecProvider{}, DocumentCodecProvider{}, CollectionCodecProvider{}, IterableCodecProvider{}, MapCodecProvider{}, GeoJsonCodecProvider{}, GridFSFileCodecProvider{}, Jsr310CodecProvider{}, JsonObjectCodecProvider{}, BsonCodecProvider{}, com.mongodb.client.model.mql.ExpressionCodecProvider@2c9306d3, com.mongodb.Jep395RecordCodecProvider@4270b142, com.mongodb.KotlinCodecProvider@2dfa02c1, EnumCodecProvider{}]}, loggerSettings=LoggerSettings{maxDocumentLength=1000}, clusterSettings={hosts=[127.0.0.1:27017], srvHost=babynannydb.rx3ssdn.mongodb.net, srvServiceName=mongodb, mode=MULTIPLE, requiredClusterType=REPLICA_SET, requiredReplicaSetName='atlas-nal7hj-shard-0', serverSelector='null', clusterListeners='[]', serverSelectionTimeout='30000 ms', localThreshold='15 ms'}, socketSettings=SocketSettings{connectTimeoutMS=10000, readTimeoutMS=0, receiveBufferSize=0, proxySettings=ProxySettings{host=null, port=null, username=null, password=null}}, heartbeatSocketSettings=SocketSettings{connectTimeoutMS=10000, readTimeoutMS=10000, receiveBufferSize=0, proxySettings=ProxySettings{host=null, port=null, username=null, password=null}}, connectionPoolSettings=ConnectionPoolSettings{maxSize=100, minSize=0, maxWaitTimeMS=120000, maxConnectionLifeTimeMS=0, maxConnectionIdleTimeMS=0, maintenanceInitialDelayMS=0, maintenanceFrequencyMS=60000, connectionPoolListeners=[], maxConnecting=2}, serverSettings=ServerSettings{heartbeatFrequencyMS=10000, minHeartbeatFrequencyMS=500, serverMonitoringMode=AUTO, serverListeners='[]', serverMonitorListeners='[]'}, sslSettings=SslSettings{enabled=true, invalidHostNameAllowed=false, context=null}, applicationName='null', compressorList=[], uuidRepresentation=UNSPECIFIED, serverApi=null, autoEncryptionSettings=null, dnsClient=null, inetAddressResolver=null, contextProvider=null, timeoutMS=null}
2026-02-16T19:06:23.239+01:00  INFO 17816 --- [BabyNannyAPI] [sdn.mongodb.net] org.mongodb.driver.cluster               : Adding discovered server ac-hj8ch1n-shard-00-02.rx3ssdn.mongodb.net:27017 to client view of cluster
2026-02-16T19:06:23.254+01:00  INFO 17816 --- [BabyNannyAPI] [sdn.mongodb.net] org.mongodb.driver.cluster               : Adding discovered server ac-hj8ch1n-shard-00-01.rx3ssdn.mongodb.net:27017 to client view of cluster
2026-02-16T19:06:23.254+01:00  INFO 17816 --- [BabyNannyAPI] [sdn.mongodb.net] org.mongodb.driver.cluster               : Adding discovered server ac-hj8ch1n-shard-00-00.rx3ssdn.mongodb.net:27017 to client view of cluster
2026-02-16T19:06:23.784+01:00  INFO 17816 --- [BabyNannyAPI] [ngodb.net:27017] org.mongodb.driver.cluster               : Monitor thread successfully connected to server with description ServerDescription{address=ac-hj8ch1n-shard-00-00.rx3ssdn.mongodb.net:27017, type=REPLICA_SET_SECONDARY, cryptd=false, state=CONNECTED, ok=true, minWireVersion=0, maxWireVersion=25, maxDocumentSize=16777216, logicalSessionTimeoutMinutes=30, roundTripTimeNanos=324091000, minRoundTripTimeNanos=0, setName='atlas-nal7hj-shard-0', canonicalAddress=ac-hj8ch1n-shard-00-00.rx3ssdn.mongodb.net:27017, hosts=[ac-hj8ch1n-shard-00-00.rx3ssdn.mongodb.net:27017, ac-hj8ch1n-shard-00-01.rx3ssdn.mongodb.net:27017, ac-hj8ch1n-shard-00-02.rx3ssdn.mongodb.net:27017], passives=[], arbiters=[], primary='ac-hj8ch1n-shard-00-02.rx3ssdn.mongodb.net:27017', tagSet=TagSet{[Tag{name='availabilityZone', value='euw3-az1'}, Tag{name='diskState', value='READY'}, Tag{name='nodeType', value='ELECTABLE'}, Tag{name='provider', value='AWS'}, Tag{name='region', value='EU_WEST_3'}, Tag{name='workloadType', value='OPERATIONAL'}]}, electionId=null, setVersion=34, topologyVersion=TopologyVersion{processId=698f68fe2064596ff30dbd71, counter=4}, lastWriteDate=Mon Feb 16 19:06:23 CET 2026, lastUpdateTimeNanos=379176305062700}
2026-02-16T19:06:23.784+01:00  INFO 17816 --- [BabyNannyAPI] [ngodb.net:27017] org.mongodb.driver.cluster               : Monitor thread successfully connected to server with description ServerDescription{address=ac-hj8ch1n-shard-00-02.rx3ssdn.mongodb.net:27017, type=REPLICA_SET_PRIMARY, cryptd=false, state=CONNECTED, ok=true, minWireVersion=0, maxWireVersion=25, maxDocumentSize=16777216, logicalSessionTimeoutMinutes=30, roundTripTimeNanos=313986100, minRoundTripTimeNanos=0, setName='atlas-nal7hj-shard-0', canonicalAddress=ac-hj8ch1n-shard-00-02.rx3ssdn.mongodb.net:27017, hosts=[ac-hj8ch1n-shard-00-00.rx3ssdn.mongodb.net:27017, ac-hj8ch1n-shard-00-01.rx3ssdn.mongodb.net:27017, ac-hj8ch1n-shard-00-02.rx3ssdn.mongodb.net:27017], passives=[], arbiters=[], primary='ac-hj8ch1n-shard-00-02.rx3ssdn.mongodb.net:27017', tagSet=TagSet{[Tag{name='availabilityZone', value='euw3-az3'}, Tag{name='diskState', value='READY'}, Tag{name='nodeType', value='ELECTABLE'}, Tag{name='provider', value='AWS'}, Tag{name='region', value='EU_WEST_3'}, Tag{name='workloadType', value='OPERATIONAL'}]}, electionId=7fffffff000000000000005e, setVersion=34, topologyVersion=TopologyVersion{processId=698f6a9e3ba09cc7ecce7fa2, counter=6}, lastWriteDate=Mon Feb 16 19:06:23 CET 2026, lastUpdateTimeNanos=379176305062700}
2026-02-16T19:06:23.784+01:00  INFO 17816 --- [BabyNannyAPI] [ngodb.net:27017] org.mongodb.driver.cluster               : Monitor thread successfully connected to server with description ServerDescription{address=ac-hj8ch1n-shard-00-01.rx3ssdn.mongodb.net:27017, type=REPLICA_SET_SECONDARY, cryptd=false, state=CONNECTED, ok=true, minWireVersion=0, maxWireVersion=25, maxDocumentSize=16777216, logicalSessionTimeoutMinutes=30, roundTripTimeNanos=324079500, minRoundTripTimeNanos=0, setName='atlas-nal7hj-shard-0', canonicalAddress=ac-hj8ch1n-shard-00-01.rx3ssdn.mongodb.net:27017, hosts=[ac-hj8ch1n-shard-00-00.rx3ssdn.mongodb.net:27017, ac-hj8ch1n-shard-00-01.rx3ssdn.mongodb.net:27017, ac-hj8ch1n-shard-00-02.rx3ssdn.mongodb.net:27017], passives=[], arbiters=[], primary='ac-hj8ch1n-shard-00-02.rx3ssdn.mongodb.net:27017', tagSet=TagSet{[Tag{name='availabilityZone', value='euw3-az2'}, Tag{name='diskState', value='READY'}, Tag{name='nodeType', value='ELECTABLE'}, Tag{name='provider', value='AWS'}, Tag{name='region', value='EU_WEST_3'}, Tag{name='workloadType', value='OPERATIONAL'}]}, electionId=null, setVersion=34, topologyVersion=TopologyVersion{processId=698f6c9d77d92277fc3d9334, counter=3}, lastWriteDate=Mon Feb 16 19:06:23 CET 2026, lastUpdateTimeNanos=379176305062700}
2026-02-16T19:06:23.788+01:00  INFO 17816 --- [BabyNannyAPI] [ngodb.net:27017] org.mongodb.driver.cluster               : Discovered replica set primary ac-hj8ch1n-shard-00-02.rx3ssdn.mongodb.net:27017 with max election id 7fffffff000000000000005e and max set version 34
2026-02-16T19:06:23.949+01:00  INFO 17816 --- [BabyNannyAPI] [           main] babbynannyapi.MongoConnectionTest        : Started MongoConnectionTest in 2.051 seconds (process running for 2.983)
Conexión exitosa a la base de datos: BabyNanny!
]]></system-out>
    <system-err><![CDATA[Mockito is currently self-attaching to enable the inline-mock-maker. This will no longer work in future releases of the JDK. Please add Mockito as an agent to your build as described in Mockito's documentation: https://javadoc.io/doc/org.mockito/mockito-core/latest/org.mockito/org/mockito/Mockito.html#0.3
WARNING: A Java agent has been loaded dynamically (C:\Users\alpen\.m2\repository\net\bytebuddy\byte-buddy-agent\1.17.8\byte-buddy-agent-1.17.8.jar)
WARNING: If a serviceability tool is in use, please run with -XX:+EnableDynamicAgentLoading to hide this warning
WARNING: If a serviceability tool is not in use, please run with -Djdk.instrument.traceUsage for more information
WARNING: Dynamic loading of agents will be disallowed by default in a future release
]]></system-err>
  </testcase>
</testsuite>